<?xml version="1.0" encoding="UTF-8"?>
<!-- Generated by org.testng.reporters.JUnitXMLReporter -->
<testsuite ignored="0" hostname="TL0017" failures="0" tests="4" name="Test" time="43.325" errors="0" timestamp="2023-08-21T16:01:36 IST">
  <testcase classname="testcase.TC002_CreateLead" name="runCreate" time="12.053"/>
  <testcase classname="testcase.TC002_CreateLead" name="runCreate" time="10.785"/>
  <testcase classname="testcase.TC001_Login" name="runLogin" time="0.858"/>
  <testcase classname="io.cucumber.testng.AbstractTestNGCucumberTests" name="runScenario" time="1.135"/>
</testsuite> <!-- Test -->
