<?xml version="1.0" encoding="UTF-8"?>
<testng-results ignored="0" total="4" passed="4" failed="0" skipped="0">
  <reporter-output>
  </reporter-output>
  <suite started-at="2023-08-21T16:00:53 IST" name="Suite" finished-at="2023-08-21T16:01:36 IST" duration-ms="43325">
    <groups>
      <group name="cucumber">
        <method signature="AbstractTestNGCucumberTests.runScenario(io.cucumber.testng.PickleWrapper,io.cucumber.testng.FeatureWrapper)[pri:0, instance:testcase.CucumberRunner@19e4653c]" name="runScenario" class="io.cucumber.testng.AbstractTestNGCucumberTests"/>
        <method signature="AbstractTestNGCucumberTests.runScenario(io.cucumber.testng.PickleWrapper,io.cucumber.testng.FeatureWrapper)[pri:0, instance:testcase.TC001_Login@663c9e7a]" name="runScenario" class="io.cucumber.testng.AbstractTestNGCucumberTests"/>
        <method signature="AbstractTestNGCucumberTests.runScenario(io.cucumber.testng.PickleWrapper,io.cucumber.testng.FeatureWrapper)[pri:0, instance:testcase.TC002_CreateLead@235ecd9f]" name="runScenario" class="io.cucumber.testng.AbstractTestNGCucumberTests"/>
      </group> <!-- cucumber -->
    </groups>
    <test started-at="2023-08-21T16:00:53 IST" name="Test" finished-at="2023-08-21T16:01:36 IST" duration-ms="43325">
      <class name="testcase.TC002_CreateLead">
        <test-method is-config="true" signature="setUpClass(org.testng.ITestContext)[pri:0, instance:testcase.TC002_CreateLead@235ecd9f]" started-at="2023-08-21T16:00:53 IST" name="setUpClass" finished-at="2023-08-21T16:00:53 IST" duration-ms="449" status="PASS">
          <params>
            <param index="0">
              <value>
                <![CDATA[org.testng.TestRunner@6cc64028]]>
              </value>
            </param>
          </params>
          <reporter-output>
          </reporter-output>
        </test-method> <!-- setUpClass -->
        <test-method is-config="true" signature="setValues()[pri:0, instance:testcase.TC002_CreateLead@235ecd9f]" started-at="2023-08-21T16:00:53 IST" name="setValues" finished-at="2023-08-21T16:00:53 IST" duration-ms="1" status="PASS">
          <reporter-output>
          </reporter-output>
        </test-method> <!-- setValues -->
        <test-method is-config="true" signature="preCondition()[pri:0, instance:testcase.TC002_CreateLead@235ecd9f]" started-at="2023-08-21T16:00:55 IST" name="preCondition" finished-at="2023-08-21T16:01:01 IST" duration-ms="5776" status="PASS">
          <reporter-output>
          </reporter-output>
        </test-method> <!-- preCondition -->
        <test-method signature="runCreate(java.lang.String,java.lang.String,java.lang.String)[pri:0, instance:testcase.TC002_CreateLead@235ecd9f]" started-at="2023-08-21T16:01:01 IST" name="runCreate" data-provider="sendData" finished-at="2023-08-21T16:01:13 IST" duration-ms="12053" status="PASS">
          <params>
            <param index="0">
              <value>
                <![CDATA[Testleaf]]>
              </value>
            </param>
            <param index="1">
              <value>
                <![CDATA[Vidya]]>
              </value>
            </param>
            <param index="2">
              <value>
                <![CDATA[R]]>
              </value>
            </param>
          </params>
          <reporter-output>
          </reporter-output>
        </test-method> <!-- runCreate -->
        <test-method is-config="true" signature="postConditions()[pri:0, instance:testcase.TC002_CreateLead@235ecd9f]" started-at="2023-08-21T16:01:13 IST" name="postConditions" finished-at="2023-08-21T16:01:14 IST" duration-ms="861" status="PASS">
          <reporter-output>
          </reporter-output>
        </test-method> <!-- postConditions -->
        <test-method is-config="true" signature="preCondition()[pri:0, instance:testcase.TC002_CreateLead@235ecd9f]" started-at="2023-08-21T16:01:14 IST" name="preCondition" finished-at="2023-08-21T16:01:16 IST" duration-ms="2780" status="PASS">
          <reporter-output>
          </reporter-output>
        </test-method> <!-- preCondition -->
        <test-method signature="runCreate(java.lang.String,java.lang.String,java.lang.String)[pri:0, instance:testcase.TC002_CreateLead@235ecd9f]" started-at="2023-08-21T16:01:16 IST" name="runCreate" data-provider="sendData" finished-at="2023-08-21T16:01:27 IST" duration-ms="10785" status="PASS">
          <params>
            <param index="0">
              <value>
                <![CDATA[Qeagle]]>
              </value>
            </param>
            <param index="1">
              <value>
                <![CDATA[Vinoth]]>
              </value>
            </param>
            <param index="2">
              <value>
                <![CDATA[S]]>
              </value>
            </param>
          </params>
          <reporter-output>
          </reporter-output>
        </test-method> <!-- runCreate -->
        <test-method is-config="true" signature="postConditions()[pri:0, instance:testcase.TC002_CreateLead@235ecd9f]" started-at="2023-08-21T16:01:27 IST" name="postConditions" finished-at="2023-08-21T16:01:27 IST" duration-ms="287" status="PASS">
          <reporter-output>
          </reporter-output>
        </test-method> <!-- postConditions -->
        <test-method is-config="true" signature="tearDownClass()[pri:0, instance:testcase.TC002_CreateLead@235ecd9f]" started-at="2023-08-21T16:01:27 IST" name="tearDownClass" finished-at="2023-08-21T16:01:28 IST" duration-ms="23" status="PASS">
          <reporter-output>
          </reporter-output>
        </test-method> <!-- tearDownClass -->
      </class> <!-- testcase.TC002_CreateLead -->
      <class name="testcase.CucumberRunner">
        <test-method is-config="true" signature="setUpClass(org.testng.ITestContext)[pri:0, instance:testcase.CucumberRunner@19e4653c]" started-at="2023-08-21T16:01:31 IST" name="setUpClass" finished-at="2023-08-21T16:01:32 IST" duration-ms="191" status="PASS">
          <params>
            <param index="0">
              <value>
                <![CDATA[org.testng.TestRunner@6cc64028]]>
              </value>
            </param>
          </params>
          <reporter-output>
          </reporter-output>
        </test-method> <!-- setUpClass -->
        <test-method is-config="true" signature="preCondition()[pri:0, instance:testcase.CucumberRunner@19e4653c]" started-at="2023-08-21T16:01:32 IST" name="preCondition" finished-at="2023-08-21T16:01:35 IST" duration-ms="2897" status="PASS">
          <reporter-output>
          </reporter-output>
        </test-method> <!-- preCondition -->
        <test-method signature="runScenario(io.cucumber.testng.PickleWrapper,io.cucumber.testng.FeatureWrapper)[pri:0, instance:testcase.CucumberRunner@19e4653c]" started-at="2023-08-21T16:01:35 IST" name="runScenario" description="Runs Cucumber Scenarios" data-provider="scenarios" finished-at="2023-08-21T16:01:36 IST" duration-ms="1135" status="PASS">
          <params>
            <param index="0">
              <value>
                <![CDATA["Login with Positive Credentials"]]>
              </value>
            </param>
            <param index="1">
              <value>
                <![CDATA["Functionality of Login Module"]]>
              </value>
            </param>
          </params>
          <reporter-output>
          </reporter-output>
        </test-method> <!-- runScenario -->
        <test-method is-config="true" signature="postConditions()[pri:0, instance:testcase.CucumberRunner@19e4653c]" started-at="2023-08-21T16:01:36 IST" name="postConditions" finished-at="2023-08-21T16:01:36 IST" duration-ms="266" status="PASS">
          <reporter-output>
          </reporter-output>
        </test-method> <!-- postConditions -->
        <test-method is-config="true" signature="tearDownClass()[pri:0, instance:testcase.CucumberRunner@19e4653c]" started-at="2023-08-21T16:01:36 IST" name="tearDownClass" finished-at="2023-08-21T16:01:36 IST" duration-ms="5" status="PASS">
          <reporter-output>
          </reporter-output>
        </test-method> <!-- tearDownClass -->
      </class> <!-- testcase.CucumberRunner -->
      <class name="testcase.TC001_Login">
        <test-method is-config="true" signature="setUpClass(org.testng.ITestContext)[pri:0, instance:testcase.TC001_Login@663c9e7a]" started-at="2023-08-21T16:01:28 IST" name="setUpClass" finished-at="2023-08-21T16:01:28 IST" duration-ms="24" status="PASS">
          <params>
            <param index="0">
              <value>
                <![CDATA[org.testng.TestRunner@6cc64028]]>
              </value>
            </param>
          </params>
          <reporter-output>
          </reporter-output>
        </test-method> <!-- setUpClass -->
        <test-method is-config="true" signature="preCondition()[pri:0, instance:testcase.TC001_Login@663c9e7a]" started-at="2023-08-21T16:01:28 IST" name="preCondition" finished-at="2023-08-21T16:01:30 IST" duration-ms="2792" status="PASS">
          <reporter-output>
          </reporter-output>
        </test-method> <!-- preCondition -->
        <test-method signature="runLogin()[pri:0, instance:testcase.TC001_Login@663c9e7a]" started-at="2023-08-21T16:01:30 IST" name="runLogin" finished-at="2023-08-21T16:01:31 IST" duration-ms="858" status="PASS">
          <reporter-output>
          </reporter-output>
        </test-method> <!-- runLogin -->
        <test-method is-config="true" signature="postConditions()[pri:0, instance:testcase.TC001_Login@663c9e7a]" started-at="2023-08-21T16:01:31 IST" name="postConditions" finished-at="2023-08-21T16:01:31 IST" duration-ms="261" status="PASS">
          <reporter-output>
          </reporter-output>
        </test-method> <!-- postConditions -->
        <test-method is-config="true" signature="tearDownClass()[pri:0, instance:testcase.TC001_Login@663c9e7a]" started-at="2023-08-21T16:01:31 IST" name="tearDownClass" finished-at="2023-08-21T16:01:31 IST" duration-ms="8" status="PASS">
          <reporter-output>
          </reporter-output>
        </test-method> <!-- tearDownClass -->
      </class> <!-- testcase.TC001_Login -->
    </test> <!-- Test -->
  </suite> <!-- Suite -->
</testng-results>
