<?xml version="1.0" encoding="UTF-8"?>
<testng-results ignored="0" total="2" passed="2" failed="0" skipped="0">
  <reporter-output>
  </reporter-output>
  <suite started-at="2023-08-17T12:42:43 IST" name="Suite" finished-at="2023-08-17T12:43:11 IST" duration-ms="28973">
    <groups>
    </groups>
    <test started-at="2023-08-17T12:42:43 IST" name="Test" finished-at="2023-08-17T12:43:11 IST" duration-ms="28973">
      <class name="testcase.TC002_CreateLead">
        <test-method is-config="true" signature="preCondition()[pri:0, instance:testcase.TC002_CreateLead@2ea41516]" started-at="2023-08-17T12:42:43 IST" name="preCondition" finished-at="2023-08-17T12:43:01 IST" duration-ms="18014" status="PASS">
          <reporter-output>
          </reporter-output>
        </test-method> <!-- preCondition -->
        <test-method signature="runCreate()[pri:0, instance:testcase.TC002_CreateLead@2ea41516]" started-at="2023-08-17T12:43:01 IST" name="runCreate" finished-at="2023-08-17T12:43:11 IST" duration-ms="10476" status="PASS">
          <reporter-output>
          </reporter-output>
        </test-method> <!-- runCreate -->
        <test-method is-config="true" signature="postConditions()[pri:0, instance:testcase.TC002_CreateLead@2ea41516]" started-at="2023-08-17T12:43:11 IST" name="postConditions" finished-at="2023-08-17T12:43:11 IST" duration-ms="352" status="PASS">
          <reporter-output>
          </reporter-output>
        </test-method> <!-- postConditions -->
      </class> <!-- testcase.TC002_CreateLead -->
      <class name="testcase.TC001_Login">
        <test-method is-config="true" signature="preCondition()[pri:0, instance:testcase.TC001_Login@3527942a]" started-at="2023-08-17T12:42:43 IST" name="preCondition" finished-at="2023-08-17T12:43:00 IST" duration-ms="17320" status="PASS">
          <reporter-output>
          </reporter-output>
        </test-method> <!-- preCondition -->
        <test-method signature="runLogin()[pri:0, instance:testcase.TC001_Login@3527942a]" started-at="2023-08-17T12:43:00 IST" name="runLogin" finished-at="2023-08-17T12:43:04 IST" duration-ms="3853" status="PASS">
          <reporter-output>
          </reporter-output>
        </test-method> <!-- runLogin -->
        <test-method is-config="true" signature="postConditions()[pri:0, instance:testcase.TC001_Login@3527942a]" started-at="2023-08-17T12:43:04 IST" name="postConditions" finished-at="2023-08-17T12:43:07 IST" duration-ms="3251" status="PASS">
          <reporter-output>
          </reporter-output>
        </test-method> <!-- postConditions -->
      </class> <!-- testcase.TC001_Login -->
    </test> <!-- Test -->
  </suite> <!-- Suite -->
</testng-results>
