<?xml version="1.0" encoding="UTF-8"?>
<testng-results ignored="0" total="3" passed="3" failed="0" skipped="0">
  <reporter-output>
  </reporter-output>
  <suite started-at="2023-08-21T10:33:59 IST" name="Suite" finished-at="2023-08-21T10:35:05 IST" duration-ms="65734">
    <groups>
    </groups>
    <test started-at="2023-08-21T10:33:59 IST" name="Test1" finished-at="2023-08-21T10:34:54 IST" duration-ms="54831">
      <class name="testcase.TC002_CreateLead">
        <test-method is-config="true" signature="setValues()[pri:0, instance:testcase.TC002_CreateLead@6d4d66d2]" started-at="2023-08-21T10:33:59 IST" name="setValues" finished-at="2023-08-21T10:33:59 IST" duration-ms="33" status="PASS">
          <reporter-output>
          </reporter-output>
        </test-method> <!-- setValues -->
        <test-method is-config="true" signature="preCondition(java.lang.String,java.lang.String)[pri:0, instance:testcase.TC002_CreateLead@6d4d66d2]" started-at="2023-08-21T10:34:05 IST" name="preCondition" finished-at="2023-08-21T10:34:16 IST" duration-ms="11043" status="PASS">
          <params>
            <param index="0">
              <value>
                <![CDATA[chrome]]>
              </value>
            </param>
            <param index="1">
              <value>
                <![CDATA[http://leaftaps.com/opentaps/]]>
              </value>
            </param>
          </params>
          <reporter-output>
          </reporter-output>
        </test-method> <!-- preCondition -->
        <test-method signature="runCreate(java.lang.String,java.lang.String,java.lang.String)[pri:0, instance:testcase.TC002_CreateLead@6d4d66d2]" started-at="2023-08-21T10:34:16 IST" name="runCreate" data-provider="sendData" finished-at="2023-08-21T10:34:32 IST" duration-ms="16259" status="PASS">
          <params>
            <param index="0">
              <value>
                <![CDATA[Testleaf]]>
              </value>
            </param>
            <param index="1">
              <value>
                <![CDATA[Vidya]]>
              </value>
            </param>
            <param index="2">
              <value>
                <![CDATA[R]]>
              </value>
            </param>
          </params>
          <reporter-output>
          </reporter-output>
        </test-method> <!-- runCreate -->
        <test-method is-config="true" signature="postConditions()[pri:0, instance:testcase.TC002_CreateLead@6d4d66d2]" started-at="2023-08-21T10:34:32 IST" name="postConditions" finished-at="2023-08-21T10:34:33 IST" duration-ms="783" status="PASS">
          <reporter-output>
          </reporter-output>
        </test-method> <!-- postConditions -->
        <test-method is-config="true" signature="preCondition(java.lang.String,java.lang.String)[pri:0, instance:testcase.TC002_CreateLead@6d4d66d2]" started-at="2023-08-21T10:34:33 IST" name="preCondition" finished-at="2023-08-21T10:34:38 IST" duration-ms="5252" status="PASS">
          <params>
            <param index="0">
              <value>
                <![CDATA[chrome]]>
              </value>
            </param>
            <param index="1">
              <value>
                <![CDATA[http://leaftaps.com/opentaps/]]>
              </value>
            </param>
          </params>
          <reporter-output>
          </reporter-output>
        </test-method> <!-- preCondition -->
        <test-method signature="runCreate(java.lang.String,java.lang.String,java.lang.String)[pri:0, instance:testcase.TC002_CreateLead@6d4d66d2]" started-at="2023-08-21T10:34:38 IST" name="runCreate" data-provider="sendData" finished-at="2023-08-21T10:34:53 IST" duration-ms="15202" status="PASS">
          <params>
            <param index="0">
              <value>
                <![CDATA[Qeagle]]>
              </value>
            </param>
            <param index="1">
              <value>
                <![CDATA[Vinoth]]>
              </value>
            </param>
            <param index="2">
              <value>
                <![CDATA[S]]>
              </value>
            </param>
          </params>
          <reporter-output>
          </reporter-output>
        </test-method> <!-- runCreate -->
        <test-method is-config="true" signature="postConditions()[pri:0, instance:testcase.TC002_CreateLead@6d4d66d2]" started-at="2023-08-21T10:34:53 IST" name="postConditions" finished-at="2023-08-21T10:34:54 IST" duration-ms="773" status="PASS">
          <reporter-output>
          </reporter-output>
        </test-method> <!-- postConditions -->
      </class> <!-- testcase.TC002_CreateLead -->
    </test> <!-- Test1 -->
    <test started-at="2023-08-21T10:34:54 IST" name="Test2" finished-at="2023-08-21T10:35:05 IST" duration-ms="10809">
      <class name="testcase.TC001_Login">
        <test-method is-config="true" signature="preCondition(java.lang.String,java.lang.String)[pri:0, instance:testcase.TC001_Login@196a42c3]" started-at="2023-08-21T10:34:54 IST" name="preCondition" finished-at="2023-08-21T10:35:03 IST" duration-ms="8545" status="PASS">
          <params>
            <param index="0">
              <value>
                <![CDATA[edge]]>
              </value>
            </param>
            <param index="1">
              <value>
                <![CDATA[http://leaftaps.com/opentaps/]]>
              </value>
            </param>
          </params>
          <reporter-output>
          </reporter-output>
        </test-method> <!-- preCondition -->
        <test-method signature="runLogin()[pri:0, instance:testcase.TC001_Login@196a42c3]" started-at="2023-08-21T10:35:03 IST" name="runLogin" finished-at="2023-08-21T10:35:04 IST" duration-ms="1530" status="PASS">
          <reporter-output>
          </reporter-output>
        </test-method> <!-- runLogin -->
        <test-method is-config="true" signature="postConditions()[pri:0, instance:testcase.TC001_Login@196a42c3]" started-at="2023-08-21T10:35:04 IST" name="postConditions" finished-at="2023-08-21T10:35:05 IST" duration-ms="725" status="PASS">
          <reporter-output>
          </reporter-output>
        </test-method> <!-- postConditions -->
      </class> <!-- testcase.TC001_Login -->
    </test> <!-- Test2 -->
  </suite> <!-- Suite -->
</testng-results>
